INFO:root:path=test
INFO:root:Checking test/incomplete1.out
INFO:root:test/incomplete1.out Correct!
INFO:root:Checking test/aqs-7.err
INFO:root:test/aqs-7.err Correct!
INFO:root:Checking test/type-errors3.ret
INFO:root:test/type-errors3.ret Correct!
INFO:root:Checking test/nest.err
INFO:root:test/nest.err Correct!
INFO:root:Checking test/type-errors6.out
INFO:root:test/type-errors6.out Correct!
INFO:root:Checking test/aqs-5.ret
INFO:root:test/aqs-5.ret Correct!
INFO:root:Checking test/panama.err
INFO:root:test/panama.err Correct!
INFO:root:Checking test/incomplete2.out
INFO:root:test/incomplete2.out Correct!
INFO:root:Checking test/gcd2.ret
INFO:root:test/gcd2.ret Correct!
INFO:root:Checking test/aqs-7.ret
INFO:root:test/aqs-7.ret Correct!
INFO:root:Checking test/aqs-4.ret
INFO:root:test/aqs-4.ret Correct!
INFO:root:Checking test/type-errors3.out
INFO:root:test/type-errors3.out Correct!
INFO:root:Checking test/catalan2.ret
INFO:root:test/catalan2.ret Correct!
INFO:root:Checking test/aqs-5.out
INFO:root:test/aqs-5.out Correct!
INFO:root:Checking test/multi-list.out
INFO:root:test/multi-list.out Correct!
INFO:root:Checking test/type-ok2.out
INFO:root:test/type-ok2.out Correct!
INFO:root:Checking test/type-errors1.out
INFO:root:test/type-errors1.out Correct!
INFO:root:Checking test/incomplete7.out
INFO:root:test/incomplete7.out Correct!
INFO:root:Checking test/aqs-2.ret
INFO:root:test/aqs-2.ret Correct!
INFO:root:Checking test/incomplete6.ret
INFO:root:test/incomplete6.ret Correct!
INFO:root:Checking test/nest.out
INFO:root:test/nest.out Correct!
INFO:root:Checking test/type-errors6.ret
INFO:root:test/type-errors6.ret Correct!
INFO:root:Checking test/incomplete10.ret
INFO:root:test/incomplete10.ret Correct!
INFO:root:Checking test/modulus.ret
INFO:root:test/modulus.ret Correct!
INFO:root:Checking test/moreloop.out
INFO:root:test/moreloop.out Correct!
INFO:root:Checking test/aqs-7.out
INFO:root:test/aqs-7.out Correct!
INFO:root:Checking test/func-in-expr.ret
INFO:root:test/func-in-expr.ret Correct!
INFO:root:Checking test/incomplete5.out
INFO:root:test/incomplete5.out Correct!
INFO:root:Checking test/aqs-3.err
INFO:root:test/aqs-3.err Correct!
INFO:root:Checking test/incomplete3.out
INFO:root:test/incomplete3.out Correct!
INFO:root:Checking test/aqs-3.ret
INFO:root:test/aqs-3.ret Correct!
INFO:root:Checking test/type-errors4.ret
INFO:root:test/type-errors4.ret Correct!
INFO:root:Checking test/incomplete10.out
INFO:root:test/incomplete10.out Correct!
INFO:root:Checking test/truefalse.out
INFO:root:test/truefalse.out Correct!
INFO:root:Checking test/modulus.err
INFO:root:test/modulus.err Correct!
INFO:root:Checking test/float.err
INFO:root:test/float.err Correct!
INFO:root:Checking test/type-ok2.ret
INFO:root:test/type-ok2.ret Correct!
INFO:root:Checking test/loops.err
INFO:root:test/loops.err Correct!
INFO:root:Checking test/multi-var-assign.out
INFO:root:test/multi-var-assign.out Correct!
INFO:root:Checking test/catalan2.out
INFO:root:test/catalan2.out Correct!
INFO:root:Checking test/bitshift_large.ret
INFO:root:test/bitshift_large.ret Correct!
INFO:root:Checking test/aqs.ret
INFO:root:test/aqs.ret Correct!
INFO:root:Checking test/xkcd.err
INFO:root:test/xkcd.err Correct!
INFO:root:Checking test/incomplete4.out
INFO:root:test/incomplete4.out Correct!
INFO:root:Checking test/func-in-expr.out
INFO:root:test/func-in-expr.out Correct!
INFO:root:Checking test/panama.ret
INFO:root:test/panama.ret Correct!
INFO:root:Checking test/aqs-9.err
INFO:root:test/aqs-9.err Correct!
INFO:root:Checking test/aqs.out
INFO:root:test/aqs.out Correct!
INFO:root:Checking test/catalan3.out
INFO:root:test/catalan3.out Correct!
INFO:root:Checking test/bitshift_small.out
INFO:root:test/bitshift_small.out Correct!
INFO:root:Checking test/xkcd.ret
INFO:root:test/xkcd.ret Correct!
INFO:root:Checking test/incomplete2.ret
INFO:root:test/incomplete2.ret Correct!
INFO:root:Checking test/whiles.err
INFO:root:test/whiles.err Correct!
INFO:root:Checking test/aqs-2.out
INFO:root:test/aqs-2.out Correct!
INFO:root:Checking test/aqs-6.ret
INFO:root:test/aqs-6.ret Correct!
INFO:root:Checking test/aqs-5.err
INFO:root:test/aqs-5.err Correct!
INFO:root:Checking test/if-scoping.out
INFO:root:test/if-scoping.out Correct!
INFO:root:Checking test/func-in-expr.err
INFO:root:test/func-in-expr.err Correct!
INFO:root:Checking test/bitshift_large.out
INFO:root:test/bitshift_large.out Correct!
INFO:root:Checking test/incomplete7.ret
INFO:root:test/incomplete7.ret Correct!
INFO:root:Checking test/truefalse.ret
INFO:root:test/truefalse.ret Correct!
INFO:root:Checking test/breaktest.out
INFO:root:test/breaktest.out Correct!
INFO:root:Checking test/whiles.ret
INFO:root:test/whiles.ret Correct!
INFO:root:Checking test/aqs-3.out
INFO:root:test/aqs-3.out Correct!
INFO:root:Checking test/aqs-4.err
INFO:root:test/aqs-4.err Correct!
INFO:root:Checking test/breaktest.err
INFO:root:test/breaktest.err Correct!
INFO:root:Checking test/aqs-8.out
INFO:root:test/aqs-8.out Correct!
INFO:root:Checking test/incomplete5.ret
INFO:root:test/incomplete5.ret Correct!
INFO:root:Checking test/incomplete3.ret
INFO:root:test/incomplete3.ret Correct!
INFO:root:Checking test/multi-var.out
INFO:root:test/multi-var.out Correct!
INFO:root:Checking test/incomplete4.ret
INFO:root:test/incomplete4.ret Correct!
INFO:root:Checking test/incomplete8.ret
INFO:root:test/incomplete8.ret Correct!
INFO:root:Checking test/bitshift_large.err
INFO:root:test/bitshift_large.err Correct!
INFO:root:Checking test/whiles.out
INFO:root:test/whiles.out Correct!
INFO:root:Checking test/gcd2.out
INFO:root:test/gcd2.out Correct!
INFO:root:Checking test/multi-list.err
INFO:root:test/multi-list.err Correct!
INFO:root:Checking test/aqs-9.out
INFO:root:test/aqs-9.out Correct!
INFO:root:Checking test/incomplete9.ret
INFO:root:test/incomplete9.ret Correct!
INFO:root:Checking test/panama.out
INFO:root:test/panama.out Correct!
INFO:root:Checking test/multi-var-assign.ret
INFO:root:test/multi-var-assign.ret Correct!
INFO:root:Checking test/aqs-6.out
INFO:root:test/aqs-6.out Correct!
INFO:root:Checking test/catalan3.ret
INFO:root:test/catalan3.ret Correct!
INFO:root:Checking test/if-scoping.err
INFO:root:test/if-scoping.err Correct!
INFO:root:Checking test/multi-var.err
INFO:root:test/multi-var.err Correct!
INFO:root:Checking test/loops.out
INFO:root:test/loops.out Correct!
INFO:root:Checking test/gcd2.err
INFO:root:test/gcd2.err Correct!
INFO:root:Checking test/incomplete6.out
INFO:root:test/incomplete6.out Correct!
INFO:root:Checking test/aqs-2.err
INFO:root:test/aqs-2.err Correct!
INFO:root:Checking test/incomplete9.out
INFO:root:test/incomplete9.out Correct!
INFO:root:Checking test/modulus.out
INFO:root:test/modulus.out Correct!
INFO:root:Checking test/aqs-4.out
INFO:root:test/aqs-4.out Correct!
INFO:root:Checking test/float.out
INFO:root:test/float.out Correct!
INFO:root:Checking test/incomplete1.ret
INFO:root:test/incomplete1.ret Correct!
INFO:root:Checking test/aqs-8.err
INFO:root:test/aqs-8.err Correct!
INFO:root:Checking test/truefalse.err
INFO:root:test/truefalse.err Correct!
INFO:root:Checking test/bitshift_small.err
INFO:root:test/bitshift_small.err Correct!
INFO:root:Checking test/aqs-8.ret
INFO:root:test/aqs-8.ret Correct!
INFO:root:Checking test/type-ok1.ret
INFO:root:test/type-ok1.ret Correct!
INFO:root:Checking test/aqs.err
INFO:root:test/aqs.err Correct!
INFO:root:Checking test/moreloop.ret
INFO:root:test/moreloop.ret Correct!
INFO:root:Checking test/nest.ret
INFO:root:test/nest.ret Correct!
INFO:root:Checking test/bitshift_small.ret
INFO:root:test/bitshift_small.ret Correct!
INFO:root:Checking test/if-scoping.ret
INFO:root:test/if-scoping.ret Correct!
INFO:root:Checking test/incomplete8.out
INFO:root:test/incomplete8.out Correct!
INFO:root:Checking test/moreloop.err
INFO:root:test/moreloop.err Correct!
INFO:root:Checking test/multi-list.ret
INFO:root:test/multi-list.ret Correct!
INFO:root:Checking test/type-errors5.out
INFO:root:test/type-errors5.out Correct!
INFO:root:Checking test/xkcd.out
INFO:root:test/xkcd.out Correct!
INFO:root:Checking test/breaktest.ret
INFO:root:test/breaktest.ret Correct!
INFO:root:Checking test/type-errors2.out
INFO:root:test/type-errors2.out Correct!
INFO:root:Checking test/type-errors4.out
INFO:root:test/type-errors4.out Correct!
INFO:root:Checking test/type-ok1.out
INFO:root:test/type-ok1.out Correct!
INFO:root:Checking test/float.ret
INFO:root:test/float.ret Correct!
INFO:root:Checking test/aqs-9.ret
INFO:root:test/aqs-9.ret Correct!
INFO:root:Checking test/type-errors5.ret
INFO:root:test/type-errors5.ret Correct!
INFO:root:Checking test/multi-var.ret
INFO:root:test/multi-var.ret Correct!
INFO:root:Checking test/aqs-6.err
INFO:root:test/aqs-6.err Correct!
INFO:root:Checking test/type-errors1.ret
INFO:root:test/type-errors1.ret Correct!
INFO:root:Checking test/type-errors2.ret
INFO:root:test/type-errors2.ret Correct!
INFO:root:Checking test/loops.ret
INFO:root:test/loops.ret Correct!
INFO:root:path=dev
INFO:root:Checking dev/charvals-8.out
INFO:root:dev/charvals-8.out Correct!
INFO:root:Checking dev/stringescapes-8.out
INFO:root:dev/stringescapes-8.out Correct!
INFO:root:Checking dev/charescapes-5.out
INFO:root:dev/charescapes-5.out Correct!
INFO:root:Checking dev/16.ret
INFO:root:dev/16.ret Correct!
INFO:root:Checking dev/catalan.out
INFO:root:dev/catalan.out Correct!
INFO:root:Checking dev/charescapevals-4.out
INFO:root:dev/charescapevals-4.out Correct!
INFO:root:Checking dev/expr-testfile-7.out
INFO:root:dev/expr-testfile-7.out Correct!
INFO:root:Checking dev/externs.out
INFO:root:dev/externs.out Correct!
INFO:root:Checking dev/decls.out
INFO:root:dev/decls.out Correct!
INFO:root:Checking dev/returnempty.out
INFO:root:dev/returnempty.out Correct!
INFO:root:Checking dev/19.ret
INFO:root:dev/19.ret Correct!
INFO:root:Checking dev/charexprprint.out
INFO:root:dev/charexprprint.out Correct!
INFO:root:Checking dev/11.ret
INFO:root:dev/11.ret Correct!
INFO:root:Checking dev/assoc.out
INFO:root:dev/assoc.out Correct!
INFO:root:Checking dev/charescapes-1.out
INFO:root:dev/charescapes-1.out Correct!
INFO:root:Checking dev/5.ret
INFO:root:dev/5.ret Correct!
INFO:root:Checking dev/if-func2.out
INFO:root:dev/if-func2.out Correct!
INFO:root:Checking dev/charescapevals-6.out
INFO:root:dev/charescapevals-6.out Correct!
INFO:root:Checking dev/method1.out
INFO:root:dev/method1.out Correct!
INFO:root:Checking dev/returnemptyparans.out
INFO:root:dev/returnemptyparans.out Correct!
INFO:root:Checking dev/assign.out
INFO:root:dev/assign.out Correct!
INFO:root:Checking dev/no-main.out
INFO:root:dev/no-main.out Correct!
INFO:root:Checking dev/expr-testfile-1.out
INFO:root:dev/expr-testfile-1.out Correct!
INFO:root:Checking dev/e4.ret
INFO:root:dev/e4.ret Correct!
INFO:root:Checking dev/charescapes-7.out
INFO:root:dev/charescapes-7.out Correct!
INFO:root:Checking dev/expr-testfile-6.out
INFO:root:dev/expr-testfile-6.out Correct!
INFO:root:Checking dev/charvals-6.out
INFO:root:dev/charvals-6.out Correct!
INFO:root:Checking dev/methodcall2.out
INFO:root:dev/methodcall2.out Correct!
INFO:root:Checking dev/arith1.out
INFO:root:dev/arith1.out Correct!
INFO:root:Checking dev/if-func3.out
INFO:root:dev/if-func3.out Correct!
INFO:root:Checking dev/charexpr-1.out
INFO:root:dev/charexpr-1.out Correct!
INFO:root:Checking dev/charescapevals-5.out
INFO:root:dev/charescapevals-5.out Correct!
INFO:root:Checking dev/gcd.out
INFO:root:dev/gcd.out Correct!
INFO:root:Checking dev/decls-fail.ret
INFO:root:dev/decls-fail.ret Correct!
INFO:root:Checking dev/expr-testfile-3.out
INFO:root:dev/expr-testfile-3.out Correct!
INFO:root:Checking dev/18.ret
INFO:root:dev/18.ret Correct!
INFO:root:Checking dev/quicksort.out
INFO:root:dev/quicksort.out Correct!
INFO:root:Checking dev/if-func1.out
INFO:root:dev/if-func1.out Correct!
INFO:root:Checking dev/charvals-7.out
INFO:root:dev/charvals-7.out Correct!
INFO:root:Checking dev/1.ret
INFO:root:dev/1.ret Correct!
INFO:root:Checking dev/prec.out
INFO:root:dev/prec.out Correct!
INFO:root:Checking dev/8.ret
INFO:root:dev/8.ret Correct!
INFO:root:Checking dev/charescapevals-3.out
INFO:root:dev/charescapevals-3.out Correct!
INFO:root:Checking dev/assignmismatch-intofchar-ok.out
INFO:root:dev/assignmismatch-intofchar-ok.out Correct!
INFO:root:Checking dev/escapes.out
INFO:root:dev/escapes.out Correct!
INFO:root:Checking dev/externsmulti.ret
INFO:root:dev/externsmulti.ret Correct!
INFO:root:Checking dev/expr-testfile-2.out
INFO:root:dev/expr-testfile-2.out Correct!
INFO:root:Checking dev/charvals-11.out
INFO:root:dev/charvals-11.out Correct!
INFO:root:Checking dev/arith3.ret
INFO:root:dev/arith3.ret Correct!
INFO:root:Checking dev/charescapevals-9.out
INFO:root:dev/charescapevals-9.out Correct!
INFO:root:Checking dev/if-func4.out
INFO:root:dev/if-func4.out Correct!
INFO:root:Checking dev/charvals-10.out
INFO:root:dev/charvals-10.out Correct!
INFO:root:Checking dev/method2.out
INFO:root:dev/method2.out Correct!
INFO:root:Checking dev/default-passes.out
INFO:root:dev/default-passes.out Correct!
INFO:root:Checking dev/charvar.out
INFO:root:dev/charvar.out Correct!
INFO:root:Checking dev/21.ret
INFO:root:dev/21.ret Correct!
INFO:root:Checking dev/charvals-12.out
INFO:root:dev/charvals-12.out Correct!
INFO:root:Checking dev/methodcall0.out
INFO:root:dev/methodcall0.out Correct!
INFO:root:Checking dev/13.ret
INFO:root:dev/13.ret Correct!
INFO:root:Checking dev/onlymethods.out
INFO:root:dev/onlymethods.out Correct!
INFO:root:Checking dev/charvals-3.out
INFO:root:dev/charvals-3.out Correct!
INFO:root:Checking dev/expr-testfile-10.out
INFO:root:dev/expr-testfile-10.out Correct!
INFO:root:Checking dev/if.out
INFO:root:dev/if.out Correct!
INFO:root:Checking dev/onlyfields.out
INFO:root:dev/onlyfields.out Correct!
INFO:root:Checking dev/charescapes-3.out
INFO:root:dev/charescapes-3.out Correct!
INFO:root:Checking dev/continue.out
INFO:root:dev/continue.out Correct!
INFO:root:Checking dev/externprintstring.out
INFO:root:dev/externprintstring.out Correct!
INFO:root:Checking dev/charescapevals-7.out
INFO:root:dev/charescapevals-7.out Correct!
INFO:root:Checking dev/charprint.out
INFO:root:dev/charprint.out Correct!
INFO:root:Checking dev/stringescapes-3.out
INFO:root:dev/stringescapes-3.out Correct!
INFO:root:Checking dev/stringescapequote.out
INFO:root:dev/stringescapequote.out Correct!
INFO:root:Checking dev/e-sum.ret
INFO:root:dev/e-sum.ret Correct!
INFO:root:Checking dev/9.ret
INFO:root:dev/9.ret Correct!
INFO:root:Checking dev/forloop.out
INFO:root:dev/forloop.out Correct!
INFO:root:Checking dev/stringconst-2.out
INFO:root:dev/stringconst-2.out Correct!
INFO:root:Checking dev/expr-testfile-4.out
INFO:root:dev/expr-testfile-4.out Correct!
INFO:root:Checking dev/stringescapes-7.out
INFO:root:dev/stringescapes-7.out Correct!
INFO:root:Checking dev/expr-testfile-5.out
INFO:root:dev/expr-testfile-5.out Correct!
INFO:root:Checking dev/externsmultinocomma.ret
INFO:root:dev/externsmultinocomma.ret Correct!
INFO:root:Checking dev/stringescapes-5.out
INFO:root:dev/stringescapes-5.out Correct!
INFO:root:Checking dev/charexpr-2.out
INFO:root:dev/charexpr-2.out Correct!
INFO:root:Checking dev/charescapes-8.out
INFO:root:dev/charescapes-8.out Correct!
INFO:root:Checking dev/stringescapes-1.out
INFO:root:dev/stringescapes-1.out Correct!
INFO:root:Checking dev/e2.ret
INFO:root:dev/e2.ret Correct!
INFO:root:Checking dev/14.ret
INFO:root:dev/14.ret Correct!
INFO:root:Checking dev/break.out
INFO:root:dev/break.out Correct!
INFO:root:Checking dev/ifelse.out
INFO:root:dev/ifelse.out Correct!
INFO:root:Checking dev/empty.ret
INFO:root:dev/empty.ret Correct!
INFO:root:Checking dev/stringescapes-6.out
INFO:root:dev/stringescapes-6.out Correct!
INFO:root:Checking dev/charescapevals-2.out
INFO:root:dev/charescapevals-2.out Correct!
INFO:root:Checking dev/charvals-2.out
INFO:root:dev/charvals-2.out Correct!
INFO:root:Checking dev/charvals-4.out
INFO:root:dev/charvals-4.out Correct!
INFO:root:Checking dev/expr-testfile-9.out
INFO:root:dev/expr-testfile-9.out Correct!
INFO:root:Checking dev/whileloop.out
INFO:root:dev/whileloop.out Correct!
INFO:root:Checking dev/parens.ret
INFO:root:dev/parens.ret Correct!
INFO:root:Checking dev/returnmismatch-intofchar-ok.out
INFO:root:dev/returnmismatch-intofchar-ok.out Correct!
INFO:root:Checking dev/stringconst-1.out
INFO:root:dev/stringconst-1.out Correct!
INFO:root:Checking dev/arith2.ret
INFO:root:dev/arith2.ret Correct!
INFO:root:Checking dev/charexpr-3.out
INFO:root:dev/charexpr-3.out Correct!
INFO:root:Checking dev/if-func5.out
INFO:root:dev/if-func5.out Correct!
INFO:root:Checking dev/ifelse-prev.ret
INFO:root:dev/ifelse-prev.ret Correct!
INFO:root:Checking dev/3.ret
INFO:root:dev/3.ret Correct!
INFO:root:Checking dev/4.ret
INFO:root:dev/4.ret Correct!
INFO:root:Checking dev/method0-prev.ret
INFO:root:dev/method0-prev.ret Correct!
INFO:root:Checking dev/expr-testfile-0.out
INFO:root:dev/expr-testfile-0.out Correct!
INFO:root:Checking dev/stringconst-3.out
INFO:root:dev/stringconst-3.out Correct!
INFO:root:Checking dev/charescapes-2.out
INFO:root:dev/charescapes-2.out Correct!
INFO:root:Checking dev/returnnoparens.ret
INFO:root:dev/returnnoparens.ret Correct!
INFO:root:Checking dev/arith4.out
INFO:root:dev/arith4.out Correct!
INFO:root:Checking dev/12.ret
INFO:root:dev/12.ret Correct!
INFO:root:Checking dev/10.ret
INFO:root:dev/10.ret Correct!
INFO:root:Checking dev/15.ret
INFO:root:dev/15.ret Correct!
INFO:root:Checking dev/block.out
INFO:root:dev/block.out Correct!
INFO:root:Checking dev/e1.ret
INFO:root:dev/e1.ret Correct!
INFO:root:Checking dev/sum.out
INFO:root:dev/sum.out Correct!
INFO:root:Checking dev/charescapes-9.out
INFO:root:dev/charescapes-9.out Correct!
INFO:root:Checking dev/charescapevals-1.out
INFO:root:dev/charescapevals-1.out Correct!
INFO:root:Checking dev/method0.out
INFO:root:dev/method0.out Correct!
INFO:root:Checking dev/stringescapes-2.out
INFO:root:dev/stringescapes-2.out Correct!
INFO:root:Checking dev/charescapes-6.out
INFO:root:dev/charescapes-6.out Correct!
INFO:root:Checking dev/stringescapes-4.out
INFO:root:dev/stringescapes-4.out Correct!
INFO:root:Checking dev/charvals-1.out
INFO:root:dev/charvals-1.out Correct!
INFO:root:Checking dev/charescapes-4.out
INFO:root:dev/charescapes-4.out Correct!
INFO:root:Checking dev/charvals-13.out
INFO:root:dev/charvals-13.out Correct!
INFO:root:Checking dev/7.ret
INFO:root:dev/7.ret Correct!
INFO:root:Checking dev/charescapevals-8.out
INFO:root:dev/charescapevals-8.out Correct!
INFO:root:Checking dev/e3.ret
INFO:root:dev/e3.ret Correct!
INFO:root:Checking dev/2.ret
INFO:root:dev/2.ret Correct!
INFO:root:Checking dev/expr-testfile-8.out
INFO:root:dev/expr-testfile-8.out Correct!
INFO:root:Checking dev/methodcall1.out
INFO:root:dev/methodcall1.out Correct!
INFO:root:Checking dev/returnexpr.out
INFO:root:dev/returnexpr.out Correct!
INFO:root:Checking dev/charvals-5.out
INFO:root:dev/charvals-5.out Correct!
INFO:root:Checking dev/stringescapes-9.out
INFO:root:dev/stringescapes-9.out Correct!
INFO:root:Checking dev/charvals-9.out
INFO:root:dev/charvals-9.out Correct!
